<?xml version="1.0" encoding="UTF-8"?>
<!-- Generated by org.testng.reporters.JUnitXMLReporter -->
<testsuite ignored="0" hostname="basu.local" failures="1" tests="1" name="Test(failed)" time="122.498" errors="0" timestamp="2024-12-30T15:12:31 IST">
  <testcase classname="testCases.TC00_Accountregistration" name="verifiy_account_registration" time="86.649">
    <failure type="java.lang.AssertionError">
      <![CDATA[java.lang.AssertionError: 
at testCases.TC00_Accountregistration.verifiy_account_registration(TC00_Accountregistration.java:30)
at java.base/java.util.ArrayList.forEach(ArrayList.java:1511)
... Removed 27 stack frames]]>
    </failure>
  </testcase> <!-- verifiy_account_registration -->
</testsuite> <!-- Test(failed) -->
