<?xml version="1.0" encoding="UTF-8"?>
<!-- Generated by org.testng.reporters.JUnitXMLReporter -->
<testsuite ignored="0" hostname="basu.local" failures="1" tests="1" name="chromeTest" time="118.687" errors="0" timestamp="2024-12-30T14:59:17 IST">
  <testcase classname="testCases.TC00_Accountregistration" name="verifiy_account_registration" time="85.357">
    <failure type="java.lang.AssertionError">
      <![CDATA[java.lang.AssertionError: 
at testCases.TC00_Accountregistration.verifiy_account_registration(TC00_Accountregistration.java:30)
at java.base/java.util.ArrayList.forEach(ArrayList.java:1511)
at java.base/java.util.concurrent.FutureTask.run(FutureTask.java:317)
at java.base/java.util.concurrent.ThreadPoolExecutor.runWorker(ThreadPoolExecutor.java:1144)
at java.base/java.util.concurrent.ThreadPoolExecutor$Worker.run(ThreadPoolExecutor.java:642)
at java.base/java.lang.Thread.run(Thread.java:1589)
... Removed 17 stack frames]]>
    </failure>
  </testcase> <!-- verifiy_account_registration -->
</testsuite> <!-- chromeTest -->
